<?xml version="1.0" encoding="UTF-8"?>
<!-- Generated by org.testng.reporters.JUnitXMLReporter -->
<testsuite ignored="0" hostname="Rahul" failures="0" tests="3" name="HomeTestCase" time="3.508" errors="0" timestamp="2025-08-15T14:43:33 IST">
  <testcase classname="com.CRM.TestCase.HomeTestCase" name="VerifyUrl" time="0.013"/>
  <testcase classname="com.CRM.TestCase.HomeTestCase" name="VerifyTitle" time="0.009"/>
  <testcase classname="com.CRM.TestCase.HomeTestCase" name="VerifySignInLnk" time="0.929"/>
</testsuite> <!-- HomeTestCase -->
