<?xml version="1.0" encoding="UTF-8"?>
<testng-results ignored="0" total="4" passed="4" failed="0" skipped="0">
  <reporter-output>
  </reporter-output>
  <suite started-at="2025-08-16T22:35:58 IST" name="Suite" finished-at="2025-08-16T22:36:09 IST" duration-ms="10429">
    <groups>
    </groups>
    <test started-at="2025-08-16T22:35:58 IST" name="HomeTestCase" finished-at="2025-08-16T22:36:03 IST" duration-ms="5174">
      <class name="com.CRM.TestCase.HomeTestCase">
        <test-method is-config="true" signature="setup()[pri:0, instance:com.CRM.TestCase.HomeTestCase@478190fc]" started-at="2025-08-16T22:35:58 IST" name="setup" finished-at="2025-08-16T22:36:02 IST" duration-ms="3903" status="PASS">
          <reporter-output>
          </reporter-output>
        </test-method> <!-- setup -->
        <test-method signature="VerifyUrl()[pri:1, instance:com.CRM.TestCase.HomeTestCase@478190fc]" started-at="2025-08-16T22:36:02 IST" name="VerifyUrl" finished-at="2025-08-16T22:36:02 IST" duration-ms="18" status="PASS">
          <reporter-output>
          </reporter-output>
        </test-method> <!-- VerifyUrl -->
        <test-method signature="VerifyTitle()[pri:2, instance:com.CRM.TestCase.HomeTestCase@478190fc]" started-at="2025-08-16T22:36:02 IST" name="VerifyTitle" finished-at="2025-08-16T22:36:02 IST" duration-ms="15" status="PASS">
          <reporter-output>
          </reporter-output>
        </test-method> <!-- VerifyTitle -->
        <test-method signature="VerifySignInLnk()[pri:3, instance:com.CRM.TestCase.HomeTestCase@478190fc]" started-at="2025-08-16T22:36:02 IST" name="VerifySignInLnk" finished-at="2025-08-16T22:36:03 IST" duration-ms="907" status="PASS">
          <reporter-output>
          </reporter-output>
        </test-method> <!-- VerifySignInLnk -->
        <test-method is-config="true" signature="closeBrowser()[pri:0, instance:com.CRM.TestCase.HomeTestCase@478190fc]" started-at="2025-08-16T22:36:03 IST" name="closeBrowser" finished-at="2025-08-16T22:36:03 IST" duration-ms="269" status="PASS">
          <reporter-output>
          </reporter-output>
        </test-method> <!-- closeBrowser -->
      </class> <!-- com.CRM.TestCase.HomeTestCase -->
    </test> <!-- HomeTestCase -->
    <test started-at="2025-08-16T22:36:03 IST" name="LoginTestCase" finished-at="2025-08-16T22:36:09 IST" duration-ms="5209">
      <class name="com.CRM.TestCase.LoginTestCase">
        <test-method is-config="true" signature="setup()[pri:0, instance:com.CRM.TestCase.LoginTestCase@4c583ecf]" started-at="2025-08-16T22:36:03 IST" name="setup" finished-at="2025-08-16T22:36:06 IST" duration-ms="2776" status="PASS">
          <reporter-output>
          </reporter-output>
        </test-method> <!-- setup -->
        <test-method is-config="true" signature="PageSetup()[pri:0, instance:com.CRM.TestCase.LoginTestCase@4c583ecf]" started-at="2025-08-16T22:36:06 IST" name="PageSetup" finished-at="2025-08-16T22:36:07 IST" duration-ms="979" status="PASS">
          <reporter-output>
          </reporter-output>
        </test-method> <!-- PageSetup -->
        <test-method signature="ValidateLogin()[pri:0, instance:com.CRM.TestCase.LoginTestCase@4c583ecf]" started-at="2025-08-16T22:36:07 IST" name="ValidateLogin" finished-at="2025-08-16T22:36:08 IST" duration-ms="1185" status="PASS">
          <reporter-output>
          </reporter-output>
        </test-method> <!-- ValidateLogin -->
        <test-method is-config="true" signature="closeBrowser()[pri:0, instance:com.CRM.TestCase.LoginTestCase@4c583ecf]" started-at="2025-08-16T22:36:08 IST" name="closeBrowser" finished-at="2025-08-16T22:36:09 IST" duration-ms="266" status="PASS">
          <reporter-output>
          </reporter-output>
        </test-method> <!-- closeBrowser -->
      </class> <!-- com.CRM.TestCase.LoginTestCase -->
    </test> <!-- LoginTestCase -->
  </suite> <!-- Suite -->
</testng-results>
