<?xml version="1.0" encoding="UTF-8"?>
<testng-results ignored="0" total="4" passed="4" failed="0" skipped="0">
  <reporter-output>
  </reporter-output>
  <suite started-at="2025-08-15T14:43:29 IST" name="Suite" finished-at="2025-08-15T14:43:36 IST" duration-ms="7070">
    <groups>
    </groups>
    <test started-at="2025-08-15T14:43:29 IST" name="HomeTestCase" finished-at="2025-08-15T14:43:33 IST" duration-ms="3508">
      <class name="com.CRM.TestCase.HomeTestCase">
        <test-method is-config="true" signature="setup()[pri:0, instance:com.CRM.TestCase.HomeTestCase@662ac478]" started-at="2025-08-15T14:43:29 IST" name="setup" finished-at="2025-08-15T14:43:32 IST" duration-ms="2519" status="PASS">
          <reporter-output>
          </reporter-output>
        </test-method> <!-- setup -->
        <test-method signature="VerifyUrl()[pri:1, instance:com.CRM.TestCase.HomeTestCase@662ac478]" started-at="2025-08-15T14:43:32 IST" name="VerifyUrl" finished-at="2025-08-15T14:43:32 IST" duration-ms="13" status="PASS">
          <reporter-output>
          </reporter-output>
        </test-method> <!-- VerifyUrl -->
        <test-method signature="VerifyTitle()[pri:2, instance:com.CRM.TestCase.HomeTestCase@662ac478]" started-at="2025-08-15T14:43:32 IST" name="VerifyTitle" finished-at="2025-08-15T14:43:32 IST" duration-ms="9" status="PASS">
          <reporter-output>
          </reporter-output>
        </test-method> <!-- VerifyTitle -->
        <test-method signature="VerifySignInLnk()[pri:3, instance:com.CRM.TestCase.HomeTestCase@662ac478]" started-at="2025-08-15T14:43:32 IST" name="VerifySignInLnk" finished-at="2025-08-15T14:43:33 IST" duration-ms="929" status="PASS">
          <reporter-output>
          </reporter-output>
        </test-method> <!-- VerifySignInLnk -->
      </class> <!-- com.CRM.TestCase.HomeTestCase -->
    </test> <!-- HomeTestCase -->
    <test started-at="2025-08-15T14:43:33 IST" name="LoginTestCase" finished-at="2025-08-15T14:43:36 IST" duration-ms="3526">
      <class name="com.CRM.TestCase.LoginTestCase">
        <test-method is-config="true" signature="setup()[pri:0, instance:com.CRM.TestCase.LoginTestCase@43c1b556]" started-at="2025-08-15T14:43:33 IST" name="setup" finished-at="2025-08-15T14:43:35 IST" duration-ms="2188" status="PASS">
          <reporter-output>
          </reporter-output>
        </test-method> <!-- setup -->
        <test-method is-config="true" signature="PageSetup()[pri:0, instance:com.CRM.TestCase.LoginTestCase@43c1b556]" started-at="2025-08-15T14:43:35 IST" name="PageSetup" finished-at="2025-08-15T14:43:36 IST" duration-ms="757" status="PASS">
          <reporter-output>
          </reporter-output>
        </test-method> <!-- PageSetup -->
        <test-method signature="ValidateLogin()[pri:0, instance:com.CRM.TestCase.LoginTestCase@43c1b556]" started-at="2025-08-15T14:43:36 IST" name="ValidateLogin" finished-at="2025-08-15T14:43:36 IST" duration-ms="577" status="PASS">
          <reporter-output>
          </reporter-output>
        </test-method> <!-- ValidateLogin -->
      </class> <!-- com.CRM.TestCase.LoginTestCase -->
    </test> <!-- LoginTestCase -->
  </suite> <!-- Suite -->
</testng-results>
